[debug] [2026-02-21T13:22:53.198Z] ----------------------------------------------------------------------
[debug] [2026-02-21T13:22:53.204Z] Command:       /Users/andrew/.nvm/versions/node/v22.22.0/bin/node /Users/andrew/.nvm/versions/node/v24.13.1/bin/firebase functions:shell
[debug] [2026-02-21T13:22:53.204Z] CLI Version:   15.7.0
[debug] [2026-02-21T13:22:53.204Z] Platform:      darwin
[debug] [2026-02-21T13:22:53.204Z] Node Version:  v22.22.0
[debug] [2026-02-21T13:22:53.204Z] Time:          Sat Feb 21 2026 13:22:53 GMT+0000 (Greenwich Mean Time)
[debug] [2026-02-21T13:22:53.204Z] ----------------------------------------------------------------------
[debug] 
[debug] [2026-02-21T13:22:53.836Z] > command requires scopes: ["email","openid","https://www.googleapis.com/auth/cloudplatformprojects.readonly","https://www.googleapis.com/auth/firebase","https://www.googleapis.com/auth/cloud-platform"]
[debug] [2026-02-21T13:22:53.836Z] > authorizing via signed-in user (thewebdeveloperglasgow@gmail.com)
[debug] [2026-02-21T13:22:53.836Z] [iam] checking project planmyscottrip for permissions ["firebase.projects.get"]
[debug] [2026-02-21T13:22:53.837Z] Checked if tokens are valid: true, expires at: 1771683333787
[debug] [2026-02-21T13:22:53.837Z] Checked if tokens are valid: true, expires at: 1771683333787
[debug] [2026-02-21T13:22:53.837Z] >>> [apiv2][query] POST https://cloudresourcemanager.googleapis.com/v1/projects/planmyscottrip:testIamPermissions [none]
[debug] [2026-02-21T13:22:53.837Z] >>> [apiv2][(partial)header] POST https://cloudresourcemanager.googleapis.com/v1/projects/planmyscottrip:testIamPermissions  x-goog-user-project=planmyscottrip
[debug] [2026-02-21T13:22:53.837Z] >>> [apiv2][body] POST https://cloudresourcemanager.googleapis.com/v1/projects/planmyscottrip:testIamPermissions {"permissions":["firebase.projects.get"]}
[debug] [2026-02-21T13:22:54.547Z] <<< [apiv2][status] POST https://cloudresourcemanager.googleapis.com/v1/projects/planmyscottrip:testIamPermissions 200
[debug] [2026-02-21T13:22:54.547Z] <<< [apiv2][body] POST https://cloudresourcemanager.googleapis.com/v1/projects/planmyscottrip:testIamPermissions {"permissions":["firebase.projects.get"]}
[warn] ⚠  functions: Functions Emulator unable to start on port 5000, starting on 5001 instead. {"metadata":{"emulator":{"name":"functions"},"message":"Functions Emulator unable to start on port 5000, starting on 5001 instead."}}
[debug] [2026-02-21T13:22:54.691Z] [functions] Functions Emulator only supports listening on one address (127.0.0.1). Not listening on ::1
[debug] [2026-02-21T13:22:54.695Z] defaultcredentials: writing to file /Users/andrew/.config/firebase/thewebdeveloperglasgow_gmail_com_application_default_credentials.json
[debug] [2026-02-21T13:22:54.696Z] DEBUG: Setting GAC to /Users/andrew/.config/firebase/thewebdeveloperglasgow_gmail_com_application_default_credentials.json
[debug] [2026-02-21T13:22:54.696Z] Checked if tokens are valid: true, expires at: 1771683333787
[debug] [2026-02-21T13:22:54.696Z] Checked if tokens are valid: true, expires at: 1771683333787
[debug] [2026-02-21T13:22:54.696Z] >>> [apiv2][query] GET https://firebase.googleapis.com/v1beta1/projects/planmyscottrip/adminSdkConfig [none]
[debug] [2026-02-21T13:22:55.046Z] <<< [apiv2][status] GET https://firebase.googleapis.com/v1beta1/projects/planmyscottrip/adminSdkConfig 200
[debug] [2026-02-21T13:22:55.046Z] <<< [apiv2][body] GET https://firebase.googleapis.com/v1beta1/projects/planmyscottrip/adminSdkConfig {"projectId":"planmyscottrip","storageBucket":"planmyscottrip.firebasestorage.app"}
[debug] [2026-02-21T13:22:55.057Z] [functions] Watching "/Users/andrew/dev/travelPlanner/functions" for Cloud Functions...
[debug] [2026-02-21T13:22:55.061Z] Validating nodejs source
[debug] [2026-02-21T13:22:55.626Z] > [functions] package.json contents: {
  "name": "functions",
  "description": "Cloud Functions for Firebase",
  "scripts": {
    "serve": "firebase emulators:start --only functions",
    "shell": "firebase functions:shell",
    "start": "npm run shell",
    "deploy": "firebase deploy --only functions",
    "logs": "firebase functions:log",
    "lint": "echo 'no linting configured'"
  },
  "engines": {
    "node": "22"
  },
  "main": "index.js",
  "dependencies": {
    "@google/generative-ai": "^0.21.0",
    "firebase-admin": "^13.6.0",
    "firebase-functions": "^7.0.0"
  },
  "devDependencies": {
    "firebase-functions-test": "^3.4.1"
  },
  "private": true
}
[debug] [2026-02-21T13:22:55.626Z] Building nodejs source
[debug] [2026-02-21T13:22:55.626Z] Failed to find version of module node: reached end of search path /Users/andrew/dev/travelPlanner/functions/node_modules
[info] ✔  functions: Using node@22 from host. 
[debug] [2026-02-21T13:22:55.628Z] Could not find functions.yaml. Must use http discovery
[debug] [2026-02-21T13:22:55.632Z] Found firebase-functions binary at '/Users/andrew/dev/travelPlanner/functions/node_modules/.bin/firebase-functions'
[info] Serving at port 8178

[debug] [2026-02-21T13:22:55.855Z] Got response from /__/functions.yaml {"endpoints":{"getAttractionInsights":{"availableMemoryMb":null,"timeoutSeconds":null,"minInstances":null,"maxInstances":null,"ingressSettings":null,"concurrency":null,"serviceAccountEmail":null,"vpc":null,"platform":"gcfv2","secretEnvironmentVariables":[{"key":"GEMINI_API_KEY_PLANMYSCOT"}],"labels":{},"callableTrigger":{},"entryPoint":"getAttractionInsights"}},"specVersion":"v1alpha1","requiredAPIs":[],"extensions":{}}
[debug] [2026-02-21T13:22:59.881Z] [functions] Loaded functions definitions from source: getAttractionInsights.
[debug] [2026-02-21T13:22:59.881Z] [functions[us-central1-getAttractionInsights]] http function initialized (http://127.0.0.1:5001/planmyscottrip/us-central1/getAttractionInsights).
[info] i  functions: Loaded functions: getAttractionInsights 
[warn] ⚠  functions: The following emulators are not running, calls to these services will affect production: firestore, database, pubsub, storage, eventarc, tasks 
[debug] [2026-02-21T13:23:10.969Z] >>> [apiv2][query] POST http://127.0.0.1:5001/planmyscottrip/us-central1/getAttractionInsights/ [none]
[debug] [2026-02-21T13:23:10.970Z] >>> [apiv2][body] POST http://127.0.0.1:5001/planmyscottrip/us-central1/getAttractionInsights/ {"data":{"city":"Edinburgh","attractionName":"Edinburgh Castle"}}
[debug] [2026-02-21T13:23:10.977Z] [work-queue] {"queuedWork":["/planmyscottrip/us-central1/getAttractionInsights/-2026-02-21T13:23:10.977Z"],"queueLength":1,"runningWork":[],"workRunningCount":0}
[debug] [2026-02-21T13:23:10.978Z] [work-queue] {"queuedWork":[],"queueLength":0,"runningWork":["/planmyscottrip/us-central1/getAttractionInsights/-2026-02-21T13:23:10.977Z"],"workRunningCount":1}
[debug] [2026-02-21T13:23:10.978Z] Accepted request POST /planmyscottrip/us-central1/getAttractionInsights/ --> us-central1-getAttractionInsights
[debug] [2026-02-21T13:23:10.979Z] DEBUG: [functions] Runtime ready! Sending request!
[debug] [2026-02-21T13:23:10.979Z] DEBUG: [functions] Got req.url=/planmyscottrip/us-central1/getAttractionInsights/, mapping to path=/
[debug] [2026-02-21T13:23:10.980Z] [functions] Trying to access secret GEMINI_API_KEY_PLANMYSCOT@latest
[debug] [2026-02-21T13:23:10.980Z] Checked if tokens are valid: true, expires at: 1771683333787
[debug] [2026-02-21T13:23:10.980Z] Checked if tokens are valid: true, expires at: 1771683333787
[debug] [2026-02-21T13:23:10.981Z] >>> [apiv2][query] GET https://secretmanager.googleapis.com/v1/projects/planmyscottrip/secrets/GEMINI_API_KEY_PLANMYSCOT/versions/latest:access [none]
[debug] [2026-02-21T13:23:11.208Z] <<< [apiv2][status] GET https://secretmanager.googleapis.com/v1/projects/planmyscottrip/secrets/GEMINI_API_KEY_PLANMYSCOT/versions/latest:access 200
[debug] [2026-02-21T13:23:11.208Z] <<< [apiv2][body] GET https://secretmanager.googleapis.com/v1/projects/planmyscottrip/secrets/GEMINI_API_KEY_PLANMYSCOT/versions/latest:access {"name":"projects/829140211747/secrets/GEMINI_API_KEY_PLANMYSCOT/versions/1","payload":{"data":"QUl6YVN5QUYzVVVYZ0ZSM05zS0xOUVNjMEhTYlJETVZmNl9WbHA4","dataCrc32c":"1962887294"}}
[debug] [2026-02-21T13:23:11.212Z] DEBUG: [worker-pool] addWorker(us-central1-getAttractionInsights)
[debug] [2026-02-21T13:23:11.213Z] DEBUG: [worker-pool] Adding worker with key us-central1-getAttractionInsights, total=1
[debug] [2026-02-21T13:23:11.684Z] DEBUG: [runtime-status] [98965] Resolved module firebase-admin {"declared":true,"installed":true,"version":"13.6.1","resolution":"/Users/andrew/dev/travelPlanner/functions/node_modules/firebase-admin/lib/index.js"}
[debug] [2026-02-21T13:23:11.685Z] DEBUG: [runtime-status] [98965] Resolved module firebase-functions {"declared":true,"installed":true,"version":"7.0.5","resolution":"/Users/andrew/dev/travelPlanner/functions/node_modules/firebase-functions/lib/v2/index.js"}
[debug] [2026-02-21T13:23:11.685Z] DEBUG: [runtime-status] [98965] Outgoing network have been stubbed. [{"name":"http","status":"mocked"},{"name":"http","status":"mocked"},{"name":"https","status":"mocked"},{"name":"https","status":"mocked"},{"name":"net","status":"mocked"}]
[debug] [2026-02-21T13:23:11.685Z] DEBUG: [runtime-status] [98965] Resolved module firebase-functions {"declared":true,"installed":true,"version":"7.0.5","resolution":"/Users/andrew/dev/travelPlanner/functions/node_modules/firebase-functions/lib/v2/index.js"}
[debug] [2026-02-21T13:23:11.685Z] DEBUG: [runtime-status] [98965] Detected firebase-functions v7+, skipping legacy stubs.
[debug] [2026-02-21T13:23:11.685Z] DEBUG: [runtime-status] [98965] Resolved module firebase-admin {"declared":true,"installed":true,"version":"13.6.1","resolution":"/Users/andrew/dev/travelPlanner/functions/node_modules/firebase-admin/lib/index.js"}
[debug] [2026-02-21T13:23:11.720Z] DEBUG: [runtime-status] [98965] Resolved module firebase-functions {"declared":true,"installed":true,"version":"7.0.5","resolution":"/Users/andrew/dev/travelPlanner/functions/node_modules/firebase-functions/lib/v2/index.js"}
[debug] [2026-02-21T13:23:11.845Z] DEBUG: [runtime-status] [98965] firebase-admin has been stubbed. {"adminResolution":{"declared":true,"installed":true,"version":"13.6.1","resolution":"/Users/andrew/dev/travelPlanner/functions/node_modules/firebase-admin/lib/index.js"}}
[debug] [2026-02-21T13:23:11.848Z] DEBUG: [runtime-status] [98965] Functions runtime initialized. {"cwd":"/Users/andrew/dev/travelPlanner/functions","node_version":"22.22.0"}
[debug] [2026-02-21T13:23:11.848Z] DEBUG: [runtime-status] [98965] Listening to port: /var/folders/_6/xc05hy4x67sd_n0r0g_0r3vc0000gn/T/fire_emu_a8985c4a32176e21.sock
[debug] [2026-02-21T13:23:11.925Z] DEBUG: [worker-us-central1-getAttractionInsights-015865ca-e785-4672-9bcf-b0e20f7d214c]: IDLE
[debug] [2026-02-21T13:23:11.925Z] DEBUG: [worker-pool] submitRequest(triggerId=us-central1-getAttractionInsights)
[debug] [2026-02-21T13:23:11.925Z] [functions] Beginning execution of "us-central1-getAttractionInsights"
[debug] [2026-02-21T13:23:11.925Z] DEBUG: [worker-us-central1-getAttractionInsights-015865ca-e785-4672-9bcf-b0e20f7d214c]: BUSY
[info] >  {"verifications":{"app":"MISSING","auth":"MISSING"},"logging.googleapis.com/labels":{"firebase-log-type":"callable-request-verification"},"severity":"DEBUG","message":"Callable request verification passed"} {"user":{"verifications":{"app":"MISSING","auth":"MISSING"},"logging.googleapis.com/labels":{"firebase-log-type":"callable-request-verification"},"severity":"DEBUG","message":"Callable request verification passed"},"metadata":{"emulator":{"name":"functions"},"function":{"name":"us-central1-getAttractionInsights"},"extension":{},"message":"\u001b[90m> \u001b[39m {\"verifications\":{\"app\":\"MISSING\",\"auth\":\"MISSING\"},\"logging.googleapis.com/labels\":{\"firebase-log-type\":\"callable-request-verification\"},\"severity\":\"DEBUG\",\"message\":\"Callable request verification passed\"}"}}
[debug] [2026-02-21T13:23:19.169Z] DEBUG: Finishing up request with event=pause
[debug] [2026-02-21T13:23:19.169Z] [functions] Finished "us-central1-getAttractionInsights" in 7243.763458ms
[debug] [2026-02-21T13:23:19.169Z] DEBUG: [worker-us-central1-getAttractionInsights-015865ca-e785-4672-9bcf-b0e20f7d214c]: IDLE
[debug] [2026-02-21T13:23:19.169Z] DEBUG: Finishing up request with event=finish
[debug] [2026-02-21T13:23:19.169Z] DEBUG: Finishing up request with event=close
[debug] [2026-02-21T13:23:19.169Z] [work-queue] {"queuedWork":[],"queueLength":0,"runningWork":[],"workRunningCount":0}
[debug] [2026-02-21T13:23:19.170Z] <<< [apiv2][status] POST http://127.0.0.1:5001/planmyscottrip/us-central1/getAttractionInsights/ 200
[debug] [2026-02-21T13:23:19.170Z] <<< [apiv2][body] POST http://127.0.0.1:5001/planmyscottrip/us-central1/getAttractionInsights/ {"result":{"success":true,"insight":"Perched atop an ancient volcanic rock, Edinburgh Castle is world-famous for its dramatic history as a royal residence, military fortress, and the prestigious home of Scotland's Crown Jewels. Visitors delve into royal apartments, explore historic chapels, and enjoy breathtaking panoramic views across Edinburgh, truly feeling centuries of Scottish heritage come alive. For a more immersive experience without the longest waits, head straight to the Honours of Scotland (Crown Jewels) and Stone of Destiny upon entry, as these queues typically swell later in the day."}}
[debug] [2026-02-21T13:34:59.190Z] [work-queue] {"queuedWork":["/planmyscottrip/us-central1/getAttractionInsights-2026-02-21T13:34:59.190Z"],"queueLength":1,"runningWork":[],"workRunningCount":0}
[debug] [2026-02-21T13:34:59.191Z] [work-queue] {"queuedWork":[],"queueLength":0,"runningWork":["/planmyscottrip/us-central1/getAttractionInsights-2026-02-21T13:34:59.190Z"],"workRunningCount":1}
[debug] [2026-02-21T13:34:59.191Z] Accepted request POST /planmyscottrip/us-central1/getAttractionInsights --> us-central1-getAttractionInsights
[debug] [2026-02-21T13:34:59.192Z] DEBUG: [functions] Runtime ready! Sending request!
[debug] [2026-02-21T13:34:59.193Z] DEBUG: [functions] Got req.url=/planmyscottrip/us-central1/getAttractionInsights, mapping to path=/
[debug] [2026-02-21T13:34:59.193Z] DEBUG: [worker-pool] submitRequest(triggerId=us-central1-getAttractionInsights)
[debug] [2026-02-21T13:34:59.193Z] [functions] Beginning execution of "us-central1-getAttractionInsights"
[debug] [2026-02-21T13:34:59.193Z] DEBUG: [worker-us-central1-getAttractionInsights-015865ca-e785-4672-9bcf-b0e20f7d214c]: BUSY
[info] >  {"verifications":{"app":"MISSING","auth":"MISSING"},"logging.googleapis.com/labels":{"firebase-log-type":"callable-request-verification"},"severity":"DEBUG","message":"Callable request verification passed"} {"user":{"verifications":{"app":"MISSING","auth":"MISSING"},"logging.googleapis.com/labels":{"firebase-log-type":"callable-request-verification"},"severity":"DEBUG","message":"Callable request verification passed"},"metadata":{"emulator":{"name":"functions"},"function":{"name":"us-central1-getAttractionInsights"},"extension":{},"message":"\u001b[90m> \u001b[39m {\"verifications\":{\"app\":\"MISSING\",\"auth\":\"MISSING\"},\"logging.googleapis.com/labels\":{\"firebase-log-type\":\"callable-request-verification\"},\"severity\":\"DEBUG\",\"message\":\"Callable request verification passed\"}"}}
[debug] [2026-02-21T13:35:05.651Z] DEBUG: Finishing up request with event=pause
[debug] [2026-02-21T13:35:05.651Z] [functions] Finished "us-central1-getAttractionInsights" in 6457.6015ms
[debug] [2026-02-21T13:35:05.651Z] DEBUG: [worker-us-central1-getAttractionInsights-015865ca-e785-4672-9bcf-b0e20f7d214c]: IDLE
[debug] [2026-02-21T13:35:05.651Z] DEBUG: Finishing up request with event=finish
[debug] [2026-02-21T13:35:05.652Z] DEBUG: Finishing up request with event=close
[debug] [2026-02-21T13:35:05.652Z] [work-queue] {"queuedWork":[],"queueLength":0,"runningWork":[],"workRunningCount":0}
[debug] [2026-02-21T13:38:00.350Z] [work-queue] {"queuedWork":["/planmyscottrip/us-central1/getAttractionInsights-2026-02-21T13:38:00.349Z"],"queueLength":1,"runningWork":[],"workRunningCount":0}
[debug] [2026-02-21T13:38:00.351Z] [work-queue] {"queuedWork":[],"queueLength":0,"runningWork":["/planmyscottrip/us-central1/getAttractionInsights-2026-02-21T13:38:00.349Z"],"workRunningCount":1}
[debug] [2026-02-21T13:38:00.352Z] Accepted request POST /planmyscottrip/us-central1/getAttractionInsights --> us-central1-getAttractionInsights
[debug] [2026-02-21T13:38:00.353Z] DEBUG: [functions] Runtime ready! Sending request!
[debug] [2026-02-21T13:38:00.354Z] DEBUG: [functions] Got req.url=/planmyscottrip/us-central1/getAttractionInsights, mapping to path=/
[debug] [2026-02-21T13:38:00.355Z] DEBUG: [worker-pool] submitRequest(triggerId=us-central1-getAttractionInsights)
[debug] [2026-02-21T13:38:00.355Z] [functions] Beginning execution of "us-central1-getAttractionInsights"
[debug] [2026-02-21T13:38:00.355Z] DEBUG: [worker-us-central1-getAttractionInsights-015865ca-e785-4672-9bcf-b0e20f7d214c]: BUSY
[info] >  {"verifications":{"app":"MISSING","auth":"MISSING"},"logging.googleapis.com/labels":{"firebase-log-type":"callable-request-verification"},"severity":"DEBUG","message":"Callable request verification passed"} {"user":{"verifications":{"app":"MISSING","auth":"MISSING"},"logging.googleapis.com/labels":{"firebase-log-type":"callable-request-verification"},"severity":"DEBUG","message":"Callable request verification passed"},"metadata":{"emulator":{"name":"functions"},"function":{"name":"us-central1-getAttractionInsights"},"extension":{},"message":"\u001b[90m> \u001b[39m {\"verifications\":{\"app\":\"MISSING\",\"auth\":\"MISSING\"},\"logging.googleapis.com/labels\":{\"firebase-log-type\":\"callable-request-verification\"},\"severity\":\"DEBUG\",\"message\":\"Callable request verification passed\"}"}}
[debug] [2026-02-21T13:38:07.374Z] DEBUG: Finishing up request with event=pause
[debug] [2026-02-21T13:38:07.374Z] [functions] Finished "us-central1-getAttractionInsights" in 7019.427ms
[debug] [2026-02-21T13:38:07.374Z] DEBUG: [worker-us-central1-getAttractionInsights-015865ca-e785-4672-9bcf-b0e20f7d214c]: IDLE
[debug] [2026-02-21T13:38:07.375Z] DEBUG: Finishing up request with event=finish
[debug] [2026-02-21T13:38:07.375Z] DEBUG: Finishing up request with event=close
[debug] [2026-02-21T13:38:07.375Z] [work-queue] {"queuedWork":[],"queueLength":0,"runningWork":[],"workRunningCount":0}
[debug] [2026-02-21T13:38:31.995Z] [work-queue] {"queuedWork":["/planmyscottrip/us-central1/getAttractionInsights-2026-02-21T13:38:31.994Z"],"queueLength":1,"runningWork":[],"workRunningCount":0}
[debug] [2026-02-21T13:38:31.995Z] [work-queue] {"queuedWork":[],"queueLength":0,"runningWork":["/planmyscottrip/us-central1/getAttractionInsights-2026-02-21T13:38:31.994Z"],"workRunningCount":1}
[debug] [2026-02-21T13:38:31.995Z] Accepted request POST /planmyscottrip/us-central1/getAttractionInsights --> us-central1-getAttractionInsights
[debug] [2026-02-21T13:38:31.996Z] DEBUG: [functions] Runtime ready! Sending request!
[debug] [2026-02-21T13:38:31.996Z] DEBUG: [functions] Got req.url=/planmyscottrip/us-central1/getAttractionInsights, mapping to path=/
[debug] [2026-02-21T13:38:31.996Z] DEBUG: [worker-pool] submitRequest(triggerId=us-central1-getAttractionInsights)
[debug] [2026-02-21T13:38:31.996Z] [functions] Beginning execution of "us-central1-getAttractionInsights"
[debug] [2026-02-21T13:38:31.996Z] DEBUG: [worker-us-central1-getAttractionInsights-015865ca-e785-4672-9bcf-b0e20f7d214c]: BUSY
[info] >  {"verifications":{"app":"MISSING","auth":"MISSING"},"logging.googleapis.com/labels":{"firebase-log-type":"callable-request-verification"},"severity":"DEBUG","message":"Callable request verification passed"} {"user":{"verifications":{"app":"MISSING","auth":"MISSING"},"logging.googleapis.com/labels":{"firebase-log-type":"callable-request-verification"},"severity":"DEBUG","message":"Callable request verification passed"},"metadata":{"emulator":{"name":"functions"},"function":{"name":"us-central1-getAttractionInsights"},"extension":{},"message":"\u001b[90m> \u001b[39m {\"verifications\":{\"app\":\"MISSING\",\"auth\":\"MISSING\"},\"logging.googleapis.com/labels\":{\"firebase-log-type\":\"callable-request-verification\"},\"severity\":\"DEBUG\",\"message\":\"Callable request verification passed\"}"}}
[debug] [2026-02-21T13:38:35.127Z] DEBUG: Finishing up request with event=pause
[debug] [2026-02-21T13:38:35.127Z] [functions] Finished "us-central1-getAttractionInsights" in 3130.365625ms
[debug] [2026-02-21T13:38:35.127Z] DEBUG: [worker-us-central1-getAttractionInsights-015865ca-e785-4672-9bcf-b0e20f7d214c]: IDLE
[debug] [2026-02-21T13:38:35.127Z] DEBUG: Finishing up request with event=finish
[debug] [2026-02-21T13:38:35.127Z] DEBUG: Finishing up request with event=close
[debug] [2026-02-21T13:38:35.127Z] [work-queue] {"queuedWork":[],"queueLength":0,"runningWork":[],"workRunningCount":0}
